NEURO2 UNIFIED WORKFLOW LOG
Date: 2025-07-23 01:29:41.778354 

[2025-07-23 01:29:42] [CONFIG] Loading configuration from: config.yml
[2025-07-23 01:29:42] [CONFIG] Configuration loaded successfully
[2025-07-23 01:29:42] [CONFIG] Patient: Ethan
[2025-07-23 01:29:42] [CONFIG] Age: 13
[2025-07-23 01:29:42] [CONFIG] DOE: 2025-07-21
[2025-07-23 01:29:42] [INFO] Initialized WorkflowRunner for patient: Ethan
[2025-07-23 01:29:42] [WORKFLOW] Starting unified workflow for patient: Ethan
[2025-07-23 01:29:42] [WORKFLOW] Step 1: Setting up environment...
[2025-07-23 01:29:42] [SETUP] Running setup_environment.R
[2025-07-23 01:29:42] [SETUP] Copying template files to working directory...
[2025-07-23 01:29:42] [SETUP] Copied template file: _00-00_tests.qmd
[2025-07-23 01:29:42] [SETUP] Copied template file: _01-00_nse_adult.qmd
[2025-07-23 01:29:42] [SETUP] Copied template file: _01-00_nse_forensic.qmd
[2025-07-23 01:29:42] [SETUP] Copied template file: _01-00_nse_pediatric.qmd
[2025-07-23 01:29:42] [SETUP] Copied template file: _01-00_nse_referral.qmd
[2025-07-23 01:29:42] [SETUP] Copied template file: _02-00_behav_obs.qmd
[2025-07-23 01:29:42] [SETUP] Copied template file: _03-00_dsm5_icd10_dx.qmd
[2025-07-23 01:29:42] [SETUP] Copied template file: _03-00_sirf_text.qmd
[2025-07-23 01:29:42] [SETUP] Copied template file: _03-00_sirf.qmd
[2025-07-23 01:29:42] [SETUP] Copied template file: _03-01_recs.qmd
[2025-07-23 01:29:42] [SETUP] Copied template file: _03-02_signature.qmd
[2025-07-23 01:29:42] [SETUP] Copied template file: _03-03_appendix.qmd
[2025-07-23 01:29:42] [SETUP] Copied template file: _03-03a_informed_consent.qmd
[2025-07-23 01:29:42] [SETUP] Copied template file: _03-03b_examiner_qualifications.qmd
[2025-07-23 01:29:42] [SETUP] Copied template file: _include_domains.qmd
[2025-07-23 01:29:42] [SETUP] Copied template file: _quarto.yml
[2025-07-23 01:29:42] [SETUP] Copied template file: _variables.yml
[2025-07-23 01:29:42] [SETUP] Template file already exists: template.qmd
[2025-07-23 01:29:42] [SETUP] All required R6 class files are present
[2025-07-23 01:29:42] [SETUP] Found 8 CSV files in data-raw/csv
[2025-07-23 01:29:42] [SETUP] Environment setup complete
[2025-07-23 01:29:42] [WORKFLOW] Step 2: Processing data...
[2025-07-23 01:29:42] [DATA] Running data_processor_module.R
[2025-07-23 01:29:42] [DATA] Starting data processing with DuckDB
[2025-07-23 01:29:42] [DATA] Data processing completed successfully
[2025-07-23 01:29:42] [DATA] Data processing complete
[2025-07-23 01:29:42] [WORKFLOW] Step 3: Generating domain files...
[2025-07-23 01:29:42] [DOMAINS] Checking for required R6 classes for domain processing...
[2025-07-23 01:29:42] [DOMAINS] All required R6 class files for domain processing are present
[2025-07-23 01:29:42] [DOMAINS] Using DomainProcessorR6 to generate domain files
[2025-07-23 01:29:42] [DOMAINS] Found 7 unique domains
[2025-07-23 01:29:42] [ERROR] Error processing domain: Verbal/Language - 'data/neurocog.all' does not exist in current working directory ('/Users/joey/neuro2').
[2025-07-23 01:29:42] [WARNING] Will try to continue with other domains
[2025-07-23 01:29:42] [ERROR] Error processing domain: Attention/Executive - 'data/neurocog.all' does not exist in current working directory ('/Users/joey/neuro2').
[2025-07-23 01:29:42] [WARNING] Will try to continue with other domains
[2025-07-23 01:29:42] [ERROR] Error processing domain: Academic Skills - 'data/neurocog.all' does not exist in current working directory ('/Users/joey/neuro2').
[2025-07-23 01:29:42] [WARNING] Will try to continue with other domains
[2025-07-23 01:29:42] [ERROR] Error processing domain: Motor - 'data/neurocog.all' does not exist in current working directory ('/Users/joey/neuro2').
[2025-07-23 01:29:42] [WARNING] Will try to continue with other domains
[2025-07-23 01:29:42] [ERROR] Error processing domain: Memory - 'data/neurocog.all' does not exist in current working directory ('/Users/joey/neuro2').
[2025-07-23 01:29:42] [WARNING] Will try to continue with other domains
[2025-07-23 01:29:42] [ERROR] Error processing domain: Visual Perception/Construction - 'data/neurocog.all' does not exist in current working directory ('/Users/joey/neuro2').
[2025-07-23 01:29:42] [WARNING] Will try to continue with other domains
[2025-07-23 01:29:42] [ERROR] Error processing domain: General Cognitive Ability - 'data/neurocog.all' does not exist in current working directory ('/Users/joey/neuro2').
[2025-07-23 01:29:42] [WARNING] Will try to continue with other domains
[2025-07-23 01:29:42] [ERROR] Error processing behavioral domain: Substance Use - 'data/neurobehav.all' does not exist in current working directory ('/Users/joey/neuro2').
[2025-07-23 01:29:42] [WARNING] Will try to continue with other domains
[2025-07-23 01:29:43] [ERROR] Error processing behavioral domain: Personality Disorders - 'data/neurobehav.all' does not exist in current working directory ('/Users/joey/neuro2').
[2025-07-23 01:29:43] [WARNING] Will try to continue with other domains
[2025-07-23 01:29:43] [ERROR] Error processing behavioral domain: Behavioral/Emotional/Social - 'data/neurobehav.all' does not exist in current working directory ('/Users/joey/neuro2').
[2025-07-23 01:29:43] [WARNING] Will try to continue with other domains
[2025-07-23 01:29:43] [ERROR] Error processing behavioral domain: Psychosocial Problems - 'data/neurobehav.all' does not exist in current working directory ('/Users/joey/neuro2').
[2025-07-23 01:29:43] [WARNING] Will try to continue with other domains
[2025-07-23 01:29:43] [ERROR] Error processing behavioral domain: Psychiatric Disorders - 'data/neurobehav.all' does not exist in current working directory ('/Users/joey/neuro2').
[2025-07-23 01:29:43] [WARNING] Will try to continue with other domains
[2025-07-23 01:29:43] [DOMAINS] Generated domain files:
[2025-07-23 01:29:43] [DOMAINS]   - _02-00_behav_obs.qmd
[2025-07-23 01:29:43] [DOMAINS] domain_generator_module.R not found. Using fallback domain generation.
[2025-07-23 01:29:43] [DOMAINS] Using neuro2_R6_update_workflow.R
