[2025-07-22 21:01:53] [DOMAINS] Created placeholder for _02-01_iq.qmd
[2025-07-22 21:01:53] [DOMAINS] Created placeholder for _02-01_iq_text.qmd
[2025-07-22 21:01:53] [DOMAINS] Created placeholder for _02-02_academics.qmd
[2025-07-22 21:01:53] [DOMAINS] Created placeholder for _02-02_academics_text.qmd
[2025-07-22 21:01:53] [DOMAINS] Created placeholder for _02-03_verbal.qmd
[2025-07-22 21:01:53] [DOMAINS] Created placeholder for _02-03_verbal_text.qmd
[2025-07-22 21:01:53] [DOMAINS] Created placeholder for _02-04_spatial.qmd
[2025-07-22 21:01:53] [DOMAINS] Created placeholder for _02-04_spatial_text.qmd
[2025-07-22 21:01:53] [DOMAINS] Created placeholder for _02-05_memory.qmd
[2025-07-22 21:01:53] [DOMAINS] Created placeholder for _02-05_memory_text.qmd
[2025-07-22 21:01:53] [DOMAINS] Created placeholder for _02-06_executive.qmd
[2025-07-22 21:01:53] [DOMAINS] Created placeholder for _02-06_executive_text.qmd
[2025-07-22 21:01:53] [DOMAINS] Created placeholder for _02-09_adhd_adult.qmd
[2025-07-22 21:01:53] [DOMAINS] Created placeholder for _02-09_adhd_adult_text.qmd
[2025-07-22 21:01:53] [DOMAINS] Created placeholder for _02-10_emotion_adult.qmd
[2025-07-22 21:01:53] [DOMAINS] Created placeholder for _02-10_emotion_adult_text.qmd
[2025-07-22 21:01:53] [DOMAINS] Updated _03-00_sirf.qmd with R6 classes
[2025-07-22 21:01:53] [DOMAINS] Updated _include_domains.qmd
[2025-07-22 21:01:53] [DOMAINS] Domain generation complete
[2025-07-22 21:01:53] [WORKFLOW] Step 4: Generating final report...
[2025-07-22 21:01:53] [REPORT] report_generator_module.R not found. Using Quarto directly.
[2025-07-22 21:01:53] [REPORT] Rendering template.qmd with Quarto
[2025-07-22 21:26:33] [DOMAINS] Created placeholder for _02-01_iq.qmd
[2025-07-22 21:26:33] [DOMAINS] Created placeholder for _02-01_iq_text.qmd
[2025-07-22 21:26:33] [DOMAINS] Created placeholder for _02-02_academics.qmd
[2025-07-22 21:26:33] [DOMAINS] Created placeholder for _02-02_academics_text.qmd
[2025-07-22 21:26:33] [DOMAINS] Created placeholder for _02-03_verbal.qmd
[2025-07-22 21:26:33] [DOMAINS] Created placeholder for _02-03_verbal_text.qmd
[2025-07-22 21:26:33] [DOMAINS] Created placeholder for _02-04_spatial.qmd
[2025-07-22 21:26:33] [DOMAINS] Created placeholder for _02-04_spatial_text.qmd
[2025-07-22 21:26:33] [DOMAINS] Updated _02-05_memory.qmd with R6 classes
[2025-07-22 21:26:33] [DOMAINS] Created placeholder for _02-06_executive.qmd
[2025-07-22 21:26:33] [DOMAINS] Created placeholder for _02-06_executive_text.qmd
[2025-07-22 21:26:33] [DOMAINS] Created placeholder for _02-09_adhd_adult.qmd
[2025-07-22 21:26:33] [DOMAINS] Created placeholder for _02-09_adhd_adult_text.qmd
[2025-07-22 21:26:33] [DOMAINS] Created placeholder for _02-10_emotion_adult.qmd
[2025-07-22 21:26:33] [DOMAINS] Created placeholder for _02-10_emotion_adult_text.qmd
[2025-07-22 21:26:33] [DOMAINS] Updated _03-00_sirf.qmd with R6 classes
[2025-07-22 21:26:33] [DOMAINS] Updated _include_domains.qmd
[2025-07-22 21:26:33] [DOMAINS] Domain generation complete
[2025-07-22 21:26:33] [WORKFLOW] Step 4: Generating final report...
[2025-07-22 21:26:33] [REPORT] report_generator_module.R not found. Using Quarto directly.
[2025-07-22 21:26:33] [REPORT] Rendering template.qmd with Quarto
