* using log directory ‘/Users/joey/neuro2/neuro2.Rcheck’
* using R version 4.5.1 (2025-06-13)
* using platform: aarch64-apple-darwin20
* R was compiled by
    Apple clang version 16.0.0 (clang-1600.0.26.6)
    GNU Fortran (GCC) 14.2.0
* running under: macOS Sequoia 15.6
* using session charset: UTF-8
* checking for file ‘neuro2/DESCRIPTION’ ... OK
* checking extension type ... Package
* this is package ‘neuro2’ version ‘0.1.3’
* package encoding: UTF-8
* checking package namespace information ... OK
* checking package dependencies ... OK
* checking if this is a source package ... OK
* checking if there is a namespace ... OK
* checking for executable files ... OK
* checking for hidden files and directories ... NOTE
Found the following hidden files and directories:
  .history/.gitignore_20250717011001
  .history/.gitignore_20250717015458
  .history/.gitignore_20250717023924
  .history/.gitignore_20250717025636
  .history/.gitignore_20250717025646
  .history/.gitignore_20250717025700
  .history/.gitignore_20250717050138
  .history/.gitignore_20250717050154
  .history/.gitignore_20250717055226
  _arxiv/reports/.history
  _arxiv/reports/.vscode
  .history
  .quarto
  .roo
  .vscode
  inst/quarto/templates/typst-report/.quarto
These were most likely included in error. See section ‘Package
structure’ in the ‘Writing R Extensions’ manual.
* checking for portable file names ... WARNING
Found the following files with non-portable file names:
  _arxiv/_variables copy.yml
  _arxiv/verbal_qmd_fix copy.R
These are not fully portable file names.
See section ‘Package structure’ in the ‘Writing R Extensions’ manual.
Found the following non-portable file paths:
  neuro2/_arxiv/reports/_03-00_sirf_files/libs/bootstrap/bootstrap-7d52103a208c030741cc79fae131c136.min.css
  neuro2/_arxiv/reports/_03-00_sirf_files/libs/quarto-html/quarto-syntax-highlighting-8f1af79587c2686b78fe4e1fbadd71ab.css

Tarballs are only required to store paths of up to 100 bytes and cannot
store those of more than 256 bytes, with restrictions including to 100
bytes for the final component.
See section ‘Package structure’ in the ‘Writing R Extensions’ manual.
* checking for sufficient/correct file permissions ... OK
* checking whether package ‘neuro2’ can be installed ... OK
* checking installed package size ... INFO
  installed size is  8.3Mb
  sub-directories of 1Mb or more:
    extdata     1.6Mb
    quarto      2.2Mb
    rmarkdown   2.0Mb
    rsrc        1.6Mb
* checking package directory ... OK
* checking DESCRIPTION meta-information ... WARNING
Invalid license file pointers: LICENSE
* checking top-level files ... OK
* checking for left-over files ... OK
* checking index information ... OK
* checking package subdirectories ... OK
* checking code files for non-ASCII characters ... WARNING
Found the following files with non-ASCII characters:
  R/duckdb_data_loader.R
  R/DuckDBProcessorR6.R
Portable packages must use only ASCII characters in their R code and
NAMESPACE directives, except perhaps in comments.
Use \uxxxx escapes for other characters.
Function ‘tools::showNonASCIIfile’ can help in finding non-ASCII
characters in files.
* checking R files for syntax errors ... OK
* checking whether the package can be loaded ... OK
* checking whether the package can be loaded with stated dependencies ... OK
* checking whether the package can be unloaded cleanly ... OK
* checking whether the namespace can be loaded with stated dependencies ... OK
* checking whether the namespace can be unloaded cleanly ... OK
* checking loading without being on the library search path ... OK
* checking dependencies in R code ... OK
* checking S3 generic/method consistency ... OK
* checking replacement functions ... OK
* checking foreign function calls ... OK
* checking R code for possible problems ... NOTE
extract_test_data_legacy: no visible global function definition for
  ‘write.csv’
  (/Users/joey/neuro2/neuro2.Rcheck/00_pkg_src/neuro2/R/extract_test_data.R:96-100)
generate_neuropsych_report_system: no visible binding for global
  variable ‘domain_iq’
generate_neuropsych_report_system: no visible binding for global
  variable ‘domain_academics’
generate_neuropsych_report_system: no visible binding for global
  variable ‘domain_verbal’
generate_neuropsych_report_system: no visible binding for global
  variable ‘domain_spatial’
generate_neuropsych_report_system: no visible binding for global
  variable ‘domain_memory’
generate_neuropsych_report_system: no visible binding for global
  variable ‘domain_executive’
generate_neuropsych_report_system: no visible binding for global
  variable ‘domain_motor’
generate_neuropsych_report_system: no visible binding for global
  variable ‘domain_social’
generate_neuropsych_report_system: no visible binding for global
  variable ‘domain_adhd_adult’
generate_neuropsych_report_system: no visible binding for global
  variable ‘domain_emotion_adult’
pluck_wiat4: no visible global function definition for ‘write.csv’
  (/Users/joey/neuro2/neuro2.Rcheck/00_pkg_src/neuro2/R/pluck_neuropsych_pdfs.R:663-667)
process_rbans_data : pluck_rbans_raw: no visible global function
  definition for ‘setNames’
  (/Users/joey/neuro2/neuro2.Rcheck/00_pkg_src/neuro2/R/pluck_neuropsych_pdfs.R:936)
process_rbans_data : pluck_rbans_score: no visible global function
  definition for ‘setNames’
  (/Users/joey/neuro2/neuro2.Rcheck/00_pkg_src/neuro2/R/pluck_neuropsych_pdfs.R:1014)
process_rbans_data : pluck_rbans_completion_times: no visible global
  function definition for ‘setNames’
  (/Users/joey/neuro2/neuro2.Rcheck/00_pkg_src/neuro2/R/pluck_neuropsych_pdfs.R:1092)
process_wais5_data: no visible global function definition for
  ‘write.csv’
  (/Users/joey/neuro2/neuro2.Rcheck/00_pkg_src/neuro2/R/pluck_neuropsych_pdfs.R:378-382)
Undefined global functions or variables:
  domain_academics domain_adhd_adult domain_emotion_adult
  domain_executive domain_iq domain_memory domain_motor domain_social
  domain_spatial domain_verbal setNames write.csv
Consider adding
  importFrom("stats", "setNames")
  importFrom("utils", "write.csv")
to your NAMESPACE file.
* checking Rd files ... OK
* checking Rd metadata ... OK
* checking Rd cross-references ... OK
* checking for missing documentation entries ... WARNING
Undocumented code objects:
  ‘neurobehav’ ‘neuropsych’ ‘validity’
Undocumented data sets:
  ‘neurobehav’ ‘neuropsych’ ‘validity’
All user-level objects in a package should have documentation entries.
See chapter ‘Writing R documentation files’ in the ‘Writing R
Extensions’ manual.
* checking for code/documentation mismatches ... WARNING
Data codoc mismatches from Rd file 'neurocog.Rd':
Variables in data frame 'neurocog'
  Code:
        source_test.test.test_name.scale.raw_score.score.percentile.range.ci_95.domain.subdomain.narrow.pass.verbal.timed.test_type.score_type.result.absort.description.true_score.index.patient.patient_age.patient_sex.date_tested.z.z_mean_domain.z_sd_domain.z_mean_subdomain.z_sd_subdomain.z_mean_narrow.z_sd_narrow.z_mean_pass.z_sd_pass.z_mean_verbal.z_sd_verbal.z_mean_timed.z_sd_timed
  Docs: absort ci_95 domain filename narrow pass percentile range
        raw_score scale score score_type subdomain test test_name
        test_type timed verbal z z_mean_dom z_mean_narrow z_mean_pass
        z_mean_sub z_mean_timed z_mean_verbal z_sd_dom z_sd_narrow
        z_sd_pass z_sd_sub z_sd_timed z_sd_verbal

* checking Rd \usage sections ... NOTE
Documented arguments not in \usage in Rd file 'get_config.Rd':
  ‘key’ ‘default’

Functions with \usage entries need to have the appropriate \alias
entries, and all their arguments documented.
The \usage entries must correspond to syntactically valid R code.
See chapter ‘Writing R documentation files’ in the ‘Writing R
Extensions’ manual.
* checking Rd contents ... OK
* checking for unstated dependencies in examples ... OK
* checking contents of ‘data’ directory ... OK
* checking data for non-ASCII characters ... OK
* checking LazyData ... OK
* checking data for ASCII and uncompressed saves ... OK
* checking R/sysdata.rda ... OK
* checking examples ... OK
* checking PDF version of manual ... OK
* DONE
Status: 5 WARNINGs, 3 NOTEs
