* installing *source* package 'neuro2' ...
** this is package 'neuro2' version '0.1.3'
** using staged installation
** R
** data
*** moving datasets to lazyload DB
Warning in scan(file = file, what = what, sep = sep, quote = quote, dec = dec,  :
  EOF within quoted string
Warning in scan(file = file, what = what, sep = sep, quote = quote, dec = dec,  :
  EOF within quoted string
** inst
** byte-compile and prepare package for lazy loading
During startup - Warning message:
package ‘boot’ in options("defaultPackages") was not found 
** help
*** installing help indices
** building package indices
During startup - Warning message:
package ‘boot’ in options("defaultPackages") was not found 
** testing if installed package can be loaded from temporary location
During startup - Warning message:
package ‘boot’ in options("defaultPackages") was not found 
** testing if installed package can be loaded from final location
During startup - Warning message:
package ‘boot’ in options("defaultPackages") was not found 
** testing if installed package keeps a record of temporary installation path
* DONE (neuro2)
