Hmm ... looks like a package
Converting parsed Rd's to LaTeX ......
Creating pdf output from LaTeX ...

This is pdfTeX, Version 3.141592653-2.6-1.40.28 (TeX Live 2025) (preloaded format=pdflatex)
 restricted \write18 enabled.
entering extended mode
LaTeX2e <2025-06-01> patch level 1
L3 programming layer <2025-07-11>
(./Rd2.tex
(/usr/local/texlive/2025basic/texmf-dist/tex/latex/base/book.cls
Document Class: book 2025/01/22 v1.4n Standard LaTeX document class
(/usr/local/texlive/2025basic/texmf-dist/tex/latex/base/bk10.clo))
(/Library/Frameworks/R.framework/Versions/4.5-arm64/Resources/share/texmf/tex/l
atex/Rd.sty (/usr/local/texlive/2025basic/texmf-dist/tex/latex/base/ifthen.sty)
 (/usr/local/texlive/2025basic/texmf-dist/tex/generic/iftex/iftex.sty)
(/usr/local/texlive/2025basic/texmf-dist/tex/latex/tools/longtable.sty)
(/usr/local/texlive/2025basic/texmf-dist/tex/latex/tools/bm.sty)
(/usr/local/texlive/2025basic/texmf-dist/tex/latex/base/alltt.sty)
(/usr/local/texlive/2025basic/texmf-dist/tex/latex/tools/verbatim.sty)
(/usr/local/texlive/2025basic/texmf-dist/tex/latex/url/url.sty)
(/usr/local/texlive/2025basic/texmf-dist/tex/latex/base/textcomp.sty)
(/usr/local/texlive/2025basic/texmf-dist/tex/latex/amsmath/amsmath.sty
For additional information on amsmath, use the `?' option.
(/usr/local/texlive/2025basic/texmf-dist/tex/latex/amsmath/amstext.sty
(/usr/local/texlive/2025basic/texmf-dist/tex/latex/amsmath/amsgen.sty))
(/usr/local/texlive/2025basic/texmf-dist/tex/latex/amsmath/amsbsy.sty)
(/usr/local/texlive/2025basic/texmf-dist/tex/latex/amsmath/amsopn.sty))
(/usr/local/texlive/2025basic/texmf-dist/tex/latex/amsfonts/amsfonts.sty)
(/usr/local/texlive/2025basic/texmf-dist/tex/latex/amsfonts/amssymb.sty)
(/usr/local/texlive/2025basic/texmf-dist/tex/latex/amsfonts/eucal.sty)
(/usr/local/texlive/2025basic/texmf-dist/tex/latex/base/fontenc.sty)
(/usr/local/texlive/2025basic/texmf-dist/tex/latex/psnfss/times.sty)
(/usr/local/texlive/2025basic/texmf-dist/tex/latex/inconsolata/zi4.sty
`inconsolata-zi4' v1.12, 2019/05/17 Text macros for Inconsolata (msharpe)
(/usr/local/texlive/2025basic/texmf-dist/tex/latex/xkeyval/xkeyval.sty
(/usr/local/texlive/2025basic/texmf-dist/tex/generic/xkeyval/xkeyval.tex
(/usr/local/texlive/2025basic/texmf-dist/tex/generic/xkeyval/xkvutils.tex
(/usr/local/texlive/2025basic/texmf-dist/tex/generic/xkeyval/keyval.tex)))))
(/usr/local/texlive/2025basic/texmf-dist/tex/latex/graphics/color.sty
(/usr/local/texlive/2025basic/texmf-dist/tex/latex/graphics-cfg/color.cfg)
(/usr/local/texlive/2025basic/texmf-dist/tex/latex/graphics-def/pdftex.def)
(/usr/local/texlive/2025basic/texmf-dist/tex/latex/graphics/mathcolor.ltx))
(/usr/local/texlive/2025basic/texmf-dist/tex/latex/hyperref/hyperref.sty
(/usr/local/texlive/2025basic/texmf-dist/tex/latex/kvsetkeys/kvsetkeys.sty)
(/usr/local/texlive/2025basic/texmf-dist/tex/generic/kvdefinekeys/kvdefinekeys.
sty)
(/usr/local/texlive/2025basic/texmf-dist/tex/generic/pdfescape/pdfescape.sty
(/usr/local/texlive/2025basic/texmf-dist/tex/generic/ltxcmds/ltxcmds.sty)
(/usr/local/texlive/2025basic/texmf-dist/tex/generic/pdftexcmds/pdftexcmds.sty
(/usr/local/texlive/2025basic/texmf-dist/tex/generic/infwarerr/infwarerr.sty)))
 (/usr/local/texlive/2025basic/texmf-dist/tex/latex/hycolor/hycolor.sty)
(/usr/local/texlive/2025basic/texmf-dist/tex/latex/hyperref/nameref.sty
(/usr/local/texlive/2025basic/texmf-dist/tex/latex/refcount/refcount.sty)
(/usr/local/texlive/2025basic/texmf-dist/tex/generic/gettitlestring/gettitlestr
ing.sty
(/usr/local/texlive/2025basic/texmf-dist/tex/latex/kvoptions/kvoptions.sty)))
(/usr/local/texlive/2025basic/texmf-dist/tex/latex/etoolbox/etoolbox.sty)
(/usr/local/texlive/2025basic/texmf-dist/tex/generic/stringenc/stringenc.sty)
(/usr/local/texlive/2025basic/texmf-dist/tex/latex/hyperref/pd1enc.def)
(/usr/local/texlive/2025basic/texmf-dist/tex/generic/intcalc/intcalc.sty)
(/usr/local/texlive/2025basic/texmf-dist/tex/latex/hyperref/puenc.def)
(/usr/local/texlive/2025basic/texmf-dist/tex/generic/bitset/bitset.sty
(/usr/local/texlive/2025basic/texmf-dist/tex/generic/bigintcalc/bigintcalc.sty)
)) (/usr/local/texlive/2025basic/texmf-dist/tex/latex/hyperref/hpdftex.def
(/usr/local/texlive/2025basic/texmf-dist/tex/latex/rerunfilecheck/rerunfilechec
k.sty
(/usr/local/texlive/2025basic/texmf-dist/tex/generic/uniquecounter/uniquecounte
r.sty)))) (/usr/local/texlive/2025basic/texmf-dist/tex/latex/base/makeidx.sty)
Writing index file Rd2.idx
(/usr/local/texlive/2025basic/texmf-dist/tex/latex/psnfss/t1ptm.fd)
(/usr/local/texlive/2025basic/texmf-dist/tex/latex/l3backend/l3backend-pdftex.d
ef)
No file Rd2.aux.
(/usr/local/texlive/2025basic/texmf-dist/tex/context/base/mkii/supp-pdf.mkii
[Loading MPS to PDF converter (version 2006.09.02).]
) (/usr/local/texlive/2025basic/texmf-dist/tex/latex/inconsolata/t1zi4.fd)
No file Rd2.toc.
(/usr/local/texlive/2025basic/texmf-dist/tex/latex/amsfonts/umsa.fd)
(/usr/local/texlive/2025basic/texmf-dist/tex/latex/amsfonts/umsb.fd)
[1{/usr/local/texlive/2025basic/texmf-var/fonts/map/pdftex/updmap/pdftex.map}{/
usr/local/texlive/2025basic/texmf-dist/fonts/enc/dvips/base/8r.enc}{/usr/local/
texlive/2025basic/texmf-dist/fonts/enc/dvips/inconsolata/i4-t1-0.enc}]
[2]
[3]
[4]
[5] (/usr/local/texlive/2025basic/texmf-dist/tex/latex/psnfss/ts1ptm.fd)
[6]
[7]
[8]
[9]
[10]
[11]
[12]
[13]
Overfull \hbox (4.20508pt too wide) in paragraph at lines 1170--1170
 []  \T1/zi4/m/n/10 neuro_domain = c("Neuropsychological Test Scores", "Behavio
ral Rating Scales",[] 

[14]
[15]
[16]
Overfull \hbox (4.2153pt too wide) in paragraph at lines 1547--1547
 []\T1/zi4/m/n/10 DuckDBProcessorR6$process_domain(domain, data_type = "neuroco
g", scales = NULL) 

[17]
[18]
Overfull \hbox (3.1674pt too wide) in paragraph at lines 1770--1771
[]\T1/ptm/m/n/10 Character string in-di-cat-ing the score type (e.g., "scaled_s
core", "stan-dard_score") 

Overfull \hbox (18.05688pt too wide) in paragraph at lines 1778--1779
[]\T1/ptm/m/n/10 Character string with di-rec-tory to write out-put files to. D
e-fault uses here::here("data",

[19]
[20]
[21]
[22]
[23]
Overfull \hbox (31.42029pt too wide) in paragraph at lines 2042--2042
 []  \T1/zi4/m/n/10 domains = c(domain_iq, domain_academics, domain_verbal, dom
ain_spatial, domain_memory,[] 

[24]
[25]
[26]
[27]
[28]
Overfull \hbox (0.49623pt too wide) in paragraph at lines 2343--2344
[]\T1/ptm/m/n/10 This func-tion takes a data frame con-tain-ing text data from 
PDF ta-bles, and makes ad-di-tional columns

[29]
Overfull \hbox (13.08014pt too wide) in paragraph at lines 2363--2363
 []    \T1/zi4/m/n/10 "Psychosocial Problems", "ADHD", "Executive Functioning",
 "Adaptive Functioning",[] 

Overfull \hbox (4.75021pt too wide) in paragraph at lines 2367--2367
 []  \T1/zi4/m/n/10 pass = c("Planning", "Attention", "Sequential", "Simultaneo
us", "Knowledge", NA),[] 

Overfull \hbox (39.75021pt too wide) in paragraph at lines 2370--2370
 []  \T1/zi4/m/n/10 test_type = c("npsych_test", "rating_scale", "validity_indi
cator", "item", "basc3", NA),[] 

Overfull \hbox (16.42029pt too wide) in paragraph at lines 2371--2371
 []  \T1/zi4/m/n/10 score_type = c("raw_score", "scaled_score", "t_score", "sta
ndard_score", "z_score",[] 

Overfull \hbox (85.68648pt too wide) in paragraph at lines 2402--2406
\T1/ptm/m/n/10 "At-ten-tion/Executive", "Mem-ory", "Mo-tor", "So-cial Cog-ni-ti
on", "Emo-tional/Behavioral/Personality",

Overfull \hbox (4.97675pt too wide) in paragraph at lines 2402--2406
\T1/ptm/m/n/10 "Be-hav-ioral/Emotional/Social", "Per-son-al-ity Dis-or-ders", "
Psy-chi-atric Dis-or-ders",

Overfull \hbox (30.96698pt too wide) in paragraph at lines 2422--2424
\T1/ptm/m/n/10 z_score, per-centile, base_rate, beta_coefficient. De-fault: c("
raw_score", "scaled_score",

Overfull \hbox (16.31721pt too wide) in paragraph at lines 2422--2424
\T1/ptm/m/n/10 "t_score", "stan-dard_score", "z_score", "per-centile", "base_ra
te", "beta_coefficient",

[30]
[31]
[32]
[33]
[34]
[35]
[36]
[37]
[38]
[39]
[40]
[41]
[42]
[43]
[44]
[45]
[46]
[47]
[48]
Overfull \hbox (7.04614pt too wide) in paragraph at lines 3885--3886
[]\T1/ptm/m/n/10 Directory con-tain-ing the tem-plate files (de-fault: "inst/qu
arto/templates/typst-report"). 

[49]
[50]
[51]
[52]
[53]
[54]
[55]
[56]
[57]
[58]
[59]
Overfull \hbox (15.80608pt too wide) in paragraph at lines 4981--4982
[]\T1/ptm/m/n/10 Initialize a new

[60]
[61]
[62]
Overfull \hbox (94.50009pt too wide) in paragraph at lines 5273--5275
[]\T1/ptm/m/n/10 Character string spec-i-fy-ing the di-rec-tory con-tain-ing te
m-plate files (de-fault: "inst/quarto/templates/typst-

[63]
[64]
No file Rd2.ind.

[65]
(/private/var/folders/jg/994m6px53vn1p22x98l98jfm0000gn/T/RtmpQV43Kk/Rd2pdfb9f6
7672a119/Rd2.aux)

Package rerunfilecheck Warning: File `Rd2.out' has changed.
(rerunfilecheck)                Rerun to get outlines right
(rerunfilecheck)                or use package `bookmark'.

 )
(see the transcript file for additional information)
pdfTeX warning (dest): name{Rfn.locate.Rul.areas} has been referenced but does 
not exist, replaced by a fixed one


pdfTeX warning (dest): name{Rfn.extract.Rul.tables} has been referenced but doe
s not exist, replaced by a fixed one

</usr/local/texlive/2025basic/texmf-dist/fonts/type1/public/inconsolata/Inconso
lata-zi4r.pfb></usr/local/texlive/2025basic/texmf-dist/fonts/type1/urw/times/ut
mb8a.pfb></usr/local/texlive/2025basic/texmf-dist/fonts/type1/urw/times/utmr8a.
pfb></usr/local/texlive/2025basic/texmf-dist/fonts/type1/urw/times/utmr8a.pfb><
/usr/local/texlive/2025basic/texmf-dist/fonts/type1/urw/times/utmri8a.pfb>
Output written on Rd2.pdf (65 pages, 191133 bytes).
Transcript written on Rd2.log.
This is makeindex, version 2.17 [TeX Live 2025] (kpathsea + Thai support).
Scanning input file Rd2.idx....done (78 entries accepted, 0 rejected).
Sorting entries....done (506 comparisons).
Generating output file Rd2.ind....done (138 lines written, 0 warnings).
Output written in Rd2.ind.
Transcript written in Rd2.ilg.
This is pdfTeX, Version 3.141592653-2.6-1.40.28 (TeX Live 2025) (preloaded format=pdflatex)
 restricted \write18 enabled.
entering extended mode
LaTeX2e <2025-06-01> patch level 1
L3 programming layer <2025-07-11>
(./Rd2.tex
(/usr/local/texlive/2025basic/texmf-dist/tex/latex/base/book.cls
Document Class: book 2025/01/22 v1.4n Standard LaTeX document class
(/usr/local/texlive/2025basic/texmf-dist/tex/latex/base/bk10.clo))
(/Library/Frameworks/R.framework/Versions/4.5-arm64/Resources/share/texmf/tex/l
atex/Rd.sty (/usr/local/texlive/2025basic/texmf-dist/tex/latex/base/ifthen.sty)
 (/usr/local/texlive/2025basic/texmf-dist/tex/generic/iftex/iftex.sty)
(/usr/local/texlive/2025basic/texmf-dist/tex/latex/tools/longtable.sty)
(/usr/local/texlive/2025basic/texmf-dist/tex/latex/tools/bm.sty)
(/usr/local/texlive/2025basic/texmf-dist/tex/latex/base/alltt.sty)
(/usr/local/texlive/2025basic/texmf-dist/tex/latex/tools/verbatim.sty)
(/usr/local/texlive/2025basic/texmf-dist/tex/latex/url/url.sty)
(/usr/local/texlive/2025basic/texmf-dist/tex/latex/base/textcomp.sty)
(/usr/local/texlive/2025basic/texmf-dist/tex/latex/amsmath/amsmath.sty
For additional information on amsmath, use the `?' option.
(/usr/local/texlive/2025basic/texmf-dist/tex/latex/amsmath/amstext.sty
(/usr/local/texlive/2025basic/texmf-dist/tex/latex/amsmath/amsgen.sty))
(/usr/local/texlive/2025basic/texmf-dist/tex/latex/amsmath/amsbsy.sty)
(/usr/local/texlive/2025basic/texmf-dist/tex/latex/amsmath/amsopn.sty))
(/usr/local/texlive/2025basic/texmf-dist/tex/latex/amsfonts/amsfonts.sty)
(/usr/local/texlive/2025basic/texmf-dist/tex/latex/amsfonts/amssymb.sty)
(/usr/local/texlive/2025basic/texmf-dist/tex/latex/amsfonts/eucal.sty)
(/usr/local/texlive/2025basic/texmf-dist/tex/latex/base/fontenc.sty)
(/usr/local/texlive/2025basic/texmf-dist/tex/latex/psnfss/times.sty)
(/usr/local/texlive/2025basic/texmf-dist/tex/latex/inconsolata/zi4.sty
`inconsolata-zi4' v1.12, 2019/05/17 Text macros for Inconsolata (msharpe)
(/usr/local/texlive/2025basic/texmf-dist/tex/latex/xkeyval/xkeyval.sty
(/usr/local/texlive/2025basic/texmf-dist/tex/generic/xkeyval/xkeyval.tex
(/usr/local/texlive/2025basic/texmf-dist/tex/generic/xkeyval/xkvutils.tex
(/usr/local/texlive/2025basic/texmf-dist/tex/generic/xkeyval/keyval.tex)))))
(/usr/local/texlive/2025basic/texmf-dist/tex/latex/graphics/color.sty
(/usr/local/texlive/2025basic/texmf-dist/tex/latex/graphics-cfg/color.cfg)
(/usr/local/texlive/2025basic/texmf-dist/tex/latex/graphics-def/pdftex.def)
(/usr/local/texlive/2025basic/texmf-dist/tex/latex/graphics/mathcolor.ltx))
(/usr/local/texlive/2025basic/texmf-dist/tex/latex/hyperref/hyperref.sty
(/usr/local/texlive/2025basic/texmf-dist/tex/latex/kvsetkeys/kvsetkeys.sty)
(/usr/local/texlive/2025basic/texmf-dist/tex/generic/kvdefinekeys/kvdefinekeys.
sty)
(/usr/local/texlive/2025basic/texmf-dist/tex/generic/pdfescape/pdfescape.sty
(/usr/local/texlive/2025basic/texmf-dist/tex/generic/ltxcmds/ltxcmds.sty)
(/usr/local/texlive/2025basic/texmf-dist/tex/generic/pdftexcmds/pdftexcmds.sty
(/usr/local/texlive/2025basic/texmf-dist/tex/generic/infwarerr/infwarerr.sty)))
 (/usr/local/texlive/2025basic/texmf-dist/tex/latex/hycolor/hycolor.sty)
(/usr/local/texlive/2025basic/texmf-dist/tex/latex/hyperref/nameref.sty
(/usr/local/texlive/2025basic/texmf-dist/tex/latex/refcount/refcount.sty)
(/usr/local/texlive/2025basic/texmf-dist/tex/generic/gettitlestring/gettitlestr
ing.sty
(/usr/local/texlive/2025basic/texmf-dist/tex/latex/kvoptions/kvoptions.sty)))
(/usr/local/texlive/2025basic/texmf-dist/tex/latex/etoolbox/etoolbox.sty)
(/usr/local/texlive/2025basic/texmf-dist/tex/generic/stringenc/stringenc.sty)
(/usr/local/texlive/2025basic/texmf-dist/tex/latex/hyperref/pd1enc.def)
(/usr/local/texlive/2025basic/texmf-dist/tex/generic/intcalc/intcalc.sty)
(/usr/local/texlive/2025basic/texmf-dist/tex/latex/hyperref/puenc.def)
(/usr/local/texlive/2025basic/texmf-dist/tex/generic/bitset/bitset.sty
(/usr/local/texlive/2025basic/texmf-dist/tex/generic/bigintcalc/bigintcalc.sty)
)) (/usr/local/texlive/2025basic/texmf-dist/tex/latex/hyperref/hpdftex.def
(/usr/local/texlive/2025basic/texmf-dist/tex/latex/rerunfilecheck/rerunfilechec
k.sty
(/usr/local/texlive/2025basic/texmf-dist/tex/generic/uniquecounter/uniquecounte
r.sty)))) (/usr/local/texlive/2025basic/texmf-dist/tex/latex/base/makeidx.sty)
Writing index file Rd2.idx
(/usr/local/texlive/2025basic/texmf-dist/tex/latex/psnfss/t1ptm.fd)
(/usr/local/texlive/2025basic/texmf-dist/tex/latex/l3backend/l3backend-pdftex.d
ef)
(/private/var/folders/jg/994m6px53vn1p22x98l98jfm0000gn/T/RtmpQV43Kk/Rd2pdfb9f6
7672a119/Rd2.aux)
(/usr/local/texlive/2025basic/texmf-dist/tex/context/base/mkii/supp-pdf.mkii
[Loading MPS to PDF converter (version 2006.09.02).]
)
(/private/var/folders/jg/994m6px53vn1p22x98l98jfm0000gn/T/RtmpQV43Kk/Rd2pdfb9f6
7672a119/Rd2.out)
(/private/var/folders/jg/994m6px53vn1p22x98l98jfm0000gn/T/RtmpQV43Kk/Rd2pdfb9f6
7672a119/Rd2.out)
(/usr/local/texlive/2025basic/texmf-dist/tex/latex/inconsolata/t1zi4.fd)
(/private/var/folders/jg/994m6px53vn1p22x98l98jfm0000gn/T/RtmpQV43Kk/Rd2pdfb9f6
7672a119/Rd2.toc
(/usr/local/texlive/2025basic/texmf-dist/tex/latex/amsfonts/umsa.fd)
(/usr/local/texlive/2025basic/texmf-dist/tex/latex/amsfonts/umsb.fd)
[1{/usr/local/texlive/2025basic/texmf-var/fonts/map/pdftex/updmap/pdftex.map}{/
usr/local/texlive/2025basic/texmf-dist/fonts/enc/dvips/base/8r.enc}{/usr/local/
texlive/2025basic/texmf-dist/fonts/enc/dvips/inconsolata/i4-t1-0.enc}]
[2])
[3]
[4]
[5]
[6]
[7] (/usr/local/texlive/2025basic/texmf-dist/tex/latex/psnfss/ts1ptm.fd)
[8]
[9]
[10]
[11]
[12]
[13]
[14]
Overfull \hbox (4.20508pt too wide) in paragraph at lines 1170--1170
 []  \T1/zi4/m/n/10 neuro_domain = c("Neuropsychological Test Scores", "Behavio
ral Rating Scales",[] 

[15]
[16]
[17]
Overfull \hbox (4.2153pt too wide) in paragraph at lines 1547--1547
 []\T1/zi4/m/n/10 DuckDBProcessorR6$process_domain(domain, data_type = "neuroco
g", scales = NULL) 

[18]
[19]
Overfull \hbox (3.1674pt too wide) in paragraph at lines 1770--1771
[]\T1/ptm/m/n/10 Character string in-di-cat-ing the score type (e.g., "scaled_s
core", "stan-dard_score") 

Overfull \hbox (18.05688pt too wide) in paragraph at lines 1778--1779
[]\T1/ptm/m/n/10 Character string with di-rec-tory to write out-put files to. D
e-fault uses here::here("data",

[20]
[21]
[22]
[23]
[24]
Overfull \hbox (31.42029pt too wide) in paragraph at lines 2042--2042
 []  \T1/zi4/m/n/10 domains = c(domain_iq, domain_academics, domain_verbal, dom
ain_spatial, domain_memory,[] 

[25]
[26]
[27]
[28]
[29]
[30]
Overfull \hbox (0.49623pt too wide) in paragraph at lines 2343--2344
[]\T1/ptm/m/n/10 This func-tion takes a data frame con-tain-ing text data from 
PDF ta-bles, and makes ad-di-tional columns

[31]
Overfull \hbox (13.08014pt too wide) in paragraph at lines 2363--2363
 []    \T1/zi4/m/n/10 "Psychosocial Problems", "ADHD", "Executive Functioning",
 "Adaptive Functioning",[] 

Overfull \hbox (4.75021pt too wide) in paragraph at lines 2367--2367
 []  \T1/zi4/m/n/10 pass = c("Planning", "Attention", "Sequential", "Simultaneo
us", "Knowledge", NA),[] 

Overfull \hbox (39.75021pt too wide) in paragraph at lines 2370--2370
 []  \T1/zi4/m/n/10 test_type = c("npsych_test", "rating_scale", "validity_indi
cator", "item", "basc3", NA),[] 

Overfull \hbox (16.42029pt too wide) in paragraph at lines 2371--2371
 []  \T1/zi4/m/n/10 score_type = c("raw_score", "scaled_score", "t_score", "sta
ndard_score", "z_score",[] 

Overfull \hbox (85.68648pt too wide) in paragraph at lines 2402--2406
\T1/ptm/m/n/10 "At-ten-tion/Executive", "Mem-ory", "Mo-tor", "So-cial Cog-ni-ti
on", "Emo-tional/Behavioral/Personality",

Overfull \hbox (4.97675pt too wide) in paragraph at lines 2402--2406
\T1/ptm/m/n/10 "Be-hav-ioral/Emotional/Social", "Per-son-al-ity Dis-or-ders", "
Psy-chi-atric Dis-or-ders",

Overfull \hbox (30.96698pt too wide) in paragraph at lines 2422--2424
\T1/ptm/m/n/10 z_score, per-centile, base_rate, beta_coefficient. De-fault: c("
raw_score", "scaled_score",

Overfull \hbox (16.31721pt too wide) in paragraph at lines 2422--2424
\T1/ptm/m/n/10 "t_score", "stan-dard_score", "z_score", "per-centile", "base_ra
te", "beta_coefficient",

[32]
[33]
[34]
[35]
[36]
[37]
[38]
[39]
[40]
[41]
[42]
[43]
[44]
[45]
[46]
[47]
[48]
[49]
[50]
Overfull \hbox (7.04614pt too wide) in paragraph at lines 3885--3886
[]\T1/ptm/m/n/10 Directory con-tain-ing the tem-plate files (de-fault: "inst/qu
arto/templates/typst-report"). 

[51]
[52]
[53]
[54]
[55]
[56]
[57]
[58]
[59]
[60]
[61]
Overfull \hbox (15.80608pt too wide) in paragraph at lines 4981--4982
[]\T1/ptm/m/n/10 Initialize a new

[62]
[63]
[64]
Overfull \hbox (94.50009pt too wide) in paragraph at lines 5273--5275
[]\T1/ptm/m/n/10 Character string spec-i-fy-ing the di-rec-tory con-tain-ing te
m-plate files (de-fault: "inst/quarto/templates/typst-

[65]
[66]
(/private/var/folders/jg/994m6px53vn1p22x98l98jfm0000gn/T/RtmpQV43Kk/Rd2pdfb9f6
7672a119/Rd2.ind
[67]

[68]

[69])
(/private/var/folders/jg/994m6px53vn1p22x98l98jfm0000gn/T/RtmpQV43Kk/Rd2pdfb9f6
7672a119/Rd2.aux)

Package rerunfilecheck Warning: File `Rd2.out' has changed.
(rerunfilecheck)                Rerun to get outlines right
(rerunfilecheck)                or use package `bookmark'.

 )
(see the transcript file for additional information)
pdfTeX warning (dest): name{Rfn.locate.Rul.areas} has been referenced but does 
not exist, replaced by a fixed one


pdfTeX warning (dest): name{Rfn.extract.Rul.tables} has been referenced but doe
s not exist, replaced by a fixed one

</usr/local/texlive/2025basic/texmf-dist/fonts/type1/public/inconsolata/Inconso
lata-zi4r.pfb></usr/local/texlive/2025basic/texmf-dist/fonts/type1/public/amsfo
nts/cm/cmsy10.pfb></usr/local/texlive/2025basic/texmf-dist/fonts/type1/urw/time
s/utmb8a.pfb></usr/local/texlive/2025basic/texmf-dist/fonts/type1/urw/times/utm
r8a.pfb></usr/local/texlive/2025basic/texmf-dist/fonts/type1/urw/times/utmr8a.p
fb></usr/local/texlive/2025basic/texmf-dist/fonts/type1/urw/times/utmri8a.pfb>
Output written on Rd2.pdf (69 pages, 212552 bytes).
Transcript written on Rd2.log.
This is makeindex, version 2.17 [TeX Live 2025] (kpathsea + Thai support).
Scanning input file Rd2.idx....done (78 entries accepted, 0 rejected).
Sorting entries....done (506 comparisons).
Generating output file Rd2.ind....done (138 lines written, 0 warnings).
Output written in Rd2.ind.
Transcript written in Rd2.ilg.
This is pdfTeX, Version 3.141592653-2.6-1.40.28 (TeX Live 2025) (preloaded format=pdflatex)
 restricted \write18 enabled.
entering extended mode
LaTeX2e <2025-06-01> patch level 1
L3 programming layer <2025-07-11>
(./Rd2.tex
(/usr/local/texlive/2025basic/texmf-dist/tex/latex/base/book.cls
Document Class: book 2025/01/22 v1.4n Standard LaTeX document class
(/usr/local/texlive/2025basic/texmf-dist/tex/latex/base/bk10.clo))
(/Library/Frameworks/R.framework/Versions/4.5-arm64/Resources/share/texmf/tex/l
atex/Rd.sty (/usr/local/texlive/2025basic/texmf-dist/tex/latex/base/ifthen.sty)
 (/usr/local/texlive/2025basic/texmf-dist/tex/generic/iftex/iftex.sty)
(/usr/local/texlive/2025basic/texmf-dist/tex/latex/tools/longtable.sty)
(/usr/local/texlive/2025basic/texmf-dist/tex/latex/tools/bm.sty)
(/usr/local/texlive/2025basic/texmf-dist/tex/latex/base/alltt.sty)
(/usr/local/texlive/2025basic/texmf-dist/tex/latex/tools/verbatim.sty)
(/usr/local/texlive/2025basic/texmf-dist/tex/latex/url/url.sty)
(/usr/local/texlive/2025basic/texmf-dist/tex/latex/base/textcomp.sty)
(/usr/local/texlive/2025basic/texmf-dist/tex/latex/amsmath/amsmath.sty
For additional information on amsmath, use the `?' option.
(/usr/local/texlive/2025basic/texmf-dist/tex/latex/amsmath/amstext.sty
(/usr/local/texlive/2025basic/texmf-dist/tex/latex/amsmath/amsgen.sty))
(/usr/local/texlive/2025basic/texmf-dist/tex/latex/amsmath/amsbsy.sty)
(/usr/local/texlive/2025basic/texmf-dist/tex/latex/amsmath/amsopn.sty))
(/usr/local/texlive/2025basic/texmf-dist/tex/latex/amsfonts/amsfonts.sty)
(/usr/local/texlive/2025basic/texmf-dist/tex/latex/amsfonts/amssymb.sty)
(/usr/local/texlive/2025basic/texmf-dist/tex/latex/amsfonts/eucal.sty)
(/usr/local/texlive/2025basic/texmf-dist/tex/latex/base/fontenc.sty)
(/usr/local/texlive/2025basic/texmf-dist/tex/latex/psnfss/times.sty)
(/usr/local/texlive/2025basic/texmf-dist/tex/latex/inconsolata/zi4.sty
`inconsolata-zi4' v1.12, 2019/05/17 Text macros for Inconsolata (msharpe)
(/usr/local/texlive/2025basic/texmf-dist/tex/latex/xkeyval/xkeyval.sty
(/usr/local/texlive/2025basic/texmf-dist/tex/generic/xkeyval/xkeyval.tex
(/usr/local/texlive/2025basic/texmf-dist/tex/generic/xkeyval/xkvutils.tex
(/usr/local/texlive/2025basic/texmf-dist/tex/generic/xkeyval/keyval.tex)))))
(/usr/local/texlive/2025basic/texmf-dist/tex/latex/graphics/color.sty
(/usr/local/texlive/2025basic/texmf-dist/tex/latex/graphics-cfg/color.cfg)
(/usr/local/texlive/2025basic/texmf-dist/tex/latex/graphics-def/pdftex.def)
(/usr/local/texlive/2025basic/texmf-dist/tex/latex/graphics/mathcolor.ltx))
(/usr/local/texlive/2025basic/texmf-dist/tex/latex/hyperref/hyperref.sty
(/usr/local/texlive/2025basic/texmf-dist/tex/latex/kvsetkeys/kvsetkeys.sty)
(/usr/local/texlive/2025basic/texmf-dist/tex/generic/kvdefinekeys/kvdefinekeys.
sty)
(/usr/local/texlive/2025basic/texmf-dist/tex/generic/pdfescape/pdfescape.sty
(/usr/local/texlive/2025basic/texmf-dist/tex/generic/ltxcmds/ltxcmds.sty)
(/usr/local/texlive/2025basic/texmf-dist/tex/generic/pdftexcmds/pdftexcmds.sty
(/usr/local/texlive/2025basic/texmf-dist/tex/generic/infwarerr/infwarerr.sty)))
 (/usr/local/texlive/2025basic/texmf-dist/tex/latex/hycolor/hycolor.sty)
(/usr/local/texlive/2025basic/texmf-dist/tex/latex/hyperref/nameref.sty
(/usr/local/texlive/2025basic/texmf-dist/tex/latex/refcount/refcount.sty)
(/usr/local/texlive/2025basic/texmf-dist/tex/generic/gettitlestring/gettitlestr
ing.sty
(/usr/local/texlive/2025basic/texmf-dist/tex/latex/kvoptions/kvoptions.sty)))
(/usr/local/texlive/2025basic/texmf-dist/tex/latex/etoolbox/etoolbox.sty)
(/usr/local/texlive/2025basic/texmf-dist/tex/generic/stringenc/stringenc.sty)
(/usr/local/texlive/2025basic/texmf-dist/tex/latex/hyperref/pd1enc.def)
(/usr/local/texlive/2025basic/texmf-dist/tex/generic/intcalc/intcalc.sty)
(/usr/local/texlive/2025basic/texmf-dist/tex/latex/hyperref/puenc.def)
(/usr/local/texlive/2025basic/texmf-dist/tex/generic/bitset/bitset.sty
(/usr/local/texlive/2025basic/texmf-dist/tex/generic/bigintcalc/bigintcalc.sty)
)) (/usr/local/texlive/2025basic/texmf-dist/tex/latex/hyperref/hpdftex.def
(/usr/local/texlive/2025basic/texmf-dist/tex/latex/rerunfilecheck/rerunfilechec
k.sty
(/usr/local/texlive/2025basic/texmf-dist/tex/generic/uniquecounter/uniquecounte
r.sty)))) (/usr/local/texlive/2025basic/texmf-dist/tex/latex/base/makeidx.sty)
Writing index file Rd2.idx
(/usr/local/texlive/2025basic/texmf-dist/tex/latex/psnfss/t1ptm.fd)
(/usr/local/texlive/2025basic/texmf-dist/tex/latex/l3backend/l3backend-pdftex.d
ef)
(/private/var/folders/jg/994m6px53vn1p22x98l98jfm0000gn/T/RtmpQV43Kk/Rd2pdfb9f6
7672a119/Rd2.aux)
(/usr/local/texlive/2025basic/texmf-dist/tex/context/base/mkii/supp-pdf.mkii
[Loading MPS to PDF converter (version 2006.09.02).]
)
(/private/var/folders/jg/994m6px53vn1p22x98l98jfm0000gn/T/RtmpQV43Kk/Rd2pdfb9f6
7672a119/Rd2.out)
(/private/var/folders/jg/994m6px53vn1p22x98l98jfm0000gn/T/RtmpQV43Kk/Rd2pdfb9f6
7672a119/Rd2.out)
(/usr/local/texlive/2025basic/texmf-dist/tex/latex/inconsolata/t1zi4.fd)
(/private/var/folders/jg/994m6px53vn1p22x98l98jfm0000gn/T/RtmpQV43Kk/Rd2pdfb9f6
7672a119/Rd2.toc
(/usr/local/texlive/2025basic/texmf-dist/tex/latex/amsfonts/umsa.fd)
(/usr/local/texlive/2025basic/texmf-dist/tex/latex/amsfonts/umsb.fd)
[1{/usr/local/texlive/2025basic/texmf-var/fonts/map/pdftex/updmap/pdftex.map}{/
usr/local/texlive/2025basic/texmf-dist/fonts/enc/dvips/base/8r.enc}{/usr/local/
texlive/2025basic/texmf-dist/fonts/enc/dvips/inconsolata/i4-t1-0.enc}]
[2])
[3]
[4]
[5]
[6]
[7] (/usr/local/texlive/2025basic/texmf-dist/tex/latex/psnfss/ts1ptm.fd)
[8]
[9]
[10]
[11]
[12]
[13]
[14]
Overfull \hbox (4.20508pt too wide) in paragraph at lines 1170--1170
 []  \T1/zi4/m/n/10 neuro_domain = c("Neuropsychological Test Scores", "Behavio
ral Rating Scales",[] 

[15]
[16]
[17]
Overfull \hbox (4.2153pt too wide) in paragraph at lines 1547--1547
 []\T1/zi4/m/n/10 DuckDBProcessorR6$process_domain(domain, data_type = "neuroco
g", scales = NULL) 

[18]
[19]
Overfull \hbox (3.1674pt too wide) in paragraph at lines 1770--1771
[]\T1/ptm/m/n/10 Character string in-di-cat-ing the score type (e.g., "scaled_s
core", "stan-dard_score") 

Overfull \hbox (18.05688pt too wide) in paragraph at lines 1778--1779
[]\T1/ptm/m/n/10 Character string with di-rec-tory to write out-put files to. D
e-fault uses here::here("data",

[20]
[21]
[22]
[23]
[24]
Overfull \hbox (31.42029pt too wide) in paragraph at lines 2042--2042
 []  \T1/zi4/m/n/10 domains = c(domain_iq, domain_academics, domain_verbal, dom
ain_spatial, domain_memory,[] 

[25]
[26]
[27]
[28]
[29]
[30]
Overfull \hbox (0.49623pt too wide) in paragraph at lines 2343--2344
[]\T1/ptm/m/n/10 This func-tion takes a data frame con-tain-ing text data from 
PDF ta-bles, and makes ad-di-tional columns

[31]
Overfull \hbox (13.08014pt too wide) in paragraph at lines 2363--2363
 []    \T1/zi4/m/n/10 "Psychosocial Problems", "ADHD", "Executive Functioning",
 "Adaptive Functioning",[] 

Overfull \hbox (4.75021pt too wide) in paragraph at lines 2367--2367
 []  \T1/zi4/m/n/10 pass = c("Planning", "Attention", "Sequential", "Simultaneo
us", "Knowledge", NA),[] 

Overfull \hbox (39.75021pt too wide) in paragraph at lines 2370--2370
 []  \T1/zi4/m/n/10 test_type = c("npsych_test", "rating_scale", "validity_indi
cator", "item", "basc3", NA),[] 

Overfull \hbox (16.42029pt too wide) in paragraph at lines 2371--2371
 []  \T1/zi4/m/n/10 score_type = c("raw_score", "scaled_score", "t_score", "sta
ndard_score", "z_score",[] 

Overfull \hbox (85.68648pt too wide) in paragraph at lines 2402--2406
\T1/ptm/m/n/10 "At-ten-tion/Executive", "Mem-ory", "Mo-tor", "So-cial Cog-ni-ti
on", "Emo-tional/Behavioral/Personality",

Overfull \hbox (4.97675pt too wide) in paragraph at lines 2402--2406
\T1/ptm/m/n/10 "Be-hav-ioral/Emotional/Social", "Per-son-al-ity Dis-or-ders", "
Psy-chi-atric Dis-or-ders",

Overfull \hbox (30.96698pt too wide) in paragraph at lines 2422--2424
\T1/ptm/m/n/10 z_score, per-centile, base_rate, beta_coefficient. De-fault: c("
raw_score", "scaled_score",

Overfull \hbox (16.31721pt too wide) in paragraph at lines 2422--2424
\T1/ptm/m/n/10 "t_score", "stan-dard_score", "z_score", "per-centile", "base_ra
te", "beta_coefficient",

[32]
[33]
[34]
[35]
[36]
[37]
[38]
[39]
[40]
[41]
[42]
[43]
[44]
[45]
[46]
[47]
[48]
[49]
[50]
Overfull \hbox (7.04614pt too wide) in paragraph at lines 3885--3886
[]\T1/ptm/m/n/10 Directory con-tain-ing the tem-plate files (de-fault: "inst/qu
arto/templates/typst-report"). 

[51]
[52]
[53]
[54]
[55]
[56]
[57]
[58]
[59]
[60]
[61]
Overfull \hbox (15.80608pt too wide) in paragraph at lines 4981--4982
[]\T1/ptm/m/n/10 Initialize a new

[62]
[63]
[64]
Overfull \hbox (94.50009pt too wide) in paragraph at lines 5273--5275
[]\T1/ptm/m/n/10 Character string spec-i-fy-ing the di-rec-tory con-tain-ing te
m-plate files (de-fault: "inst/quarto/templates/typst-

[65]
[66]
(/private/var/folders/jg/994m6px53vn1p22x98l98jfm0000gn/T/RtmpQV43Kk/Rd2pdfb9f6
7672a119/Rd2.ind
[67]

[68]

[69])
(/private/var/folders/jg/994m6px53vn1p22x98l98jfm0000gn/T/RtmpQV43Kk/Rd2pdfb9f6
7672a119/Rd2.aux) )
(see the transcript file for additional information)
pdfTeX warning (dest): name{Rfn.locate.Rul.areas} has been referenced but does 
not exist, replaced by a fixed one


pdfTeX warning (dest): name{Rfn.extract.Rul.tables} has been referenced but doe
s not exist, replaced by a fixed one

</usr/local/texlive/2025basic/texmf-dist/fonts/type1/public/inconsolata/Inconso
lata-zi4r.pfb></usr/local/texlive/2025basic/texmf-dist/fonts/type1/public/amsfo
nts/cm/cmsy10.pfb></usr/local/texlive/2025basic/texmf-dist/fonts/type1/urw/time
s/utmb8a.pfb></usr/local/texlive/2025basic/texmf-dist/fonts/type1/urw/times/utm
r8a.pfb></usr/local/texlive/2025basic/texmf-dist/fonts/type1/urw/times/utmr8a.p
fb></usr/local/texlive/2025basic/texmf-dist/fonts/type1/urw/times/utmri8a.pfb>
Output written on Rd2.pdf (69 pages, 212949 bytes).
Transcript written on Rd2.log.
Saving output to ‘neuro2-manual.pdf’ ...
Done
You may want to clean up by 'rm -Rf /var/folders/jg/994m6px53vn1p22x98l98jfm0000gn/T//RtmpQV43Kk/Rd2pdfb9f67672a119'
