* using log directory '/Users/joey/neuro2/..Rcheck'
* using R version 4.5.1 (2025-06-13)
* using platform: aarch64-apple-darwin20
* R was compiled by
    Apple clang version 16.0.0 (clang-1600.0.26.6)
    GNU Fortran (GCC) 14.2.0
* running under: macOS Sequoia 15.6
* using session charset: UTF-8
* checking for file './DESCRIPTION' ... OK
* checking extension type ... Package
* this is package 'neuro2' version '0.2.1'
* package encoding: UTF-8
* checking package namespace information ... OK
* checking package dependencies ... OK
* checking if this is a source package ... OK
* checking if there is a namespace ... OK
* checking for executable files ... WARNING
Found the following executable file:
  .git/objects/ce/b60b3b0c7ed5e4a4af6fe7682fe8fde11e93ee
Source packages should not contain undeclared executable files.
See section 'Package structure' in the 'Writing R Extensions' manual.
* checking for hidden files and directories ... NOTE
Found the following hidden files and directories:
  .DS_Store
  .Rhistory
  .Rproj.user/.DS_Store
  .Rproj.user/27304537/.DS_Store
  .Rproj.user/8FD4EB9D/.DS_Store
  .Rproj.user/shared/.DS_Store
  .git/.DS_Store
  .git/logs/.DS_Store
  .git/objects/.DS_Store
  .git/refs/.DS_Store
  .gitignore
  .history/.DS_Store
  .history/.gitignore_20250622131003
  .history/.gitignore_20250622140220
  .history/.gitignore_20250622141112
  .history/.gitignore_20250622160256
  .history/.gitignore_20250622173202
  .history/.gitignore_20250622173222
  .history/.gitignore_20250625133455
  .history/.gitignore_20250625133506
  .history/.gitignore_20250625133508
  .history/.gitignore_20250625133516
  .history/.gitignore_20250625133533
  .history/.gitignore_20250625133556
  .history/.gitignore_20250625133600
  .history/.gitignore_20250625133633
  .history/.gitignore_20250625133708
  .history/.gitignore_20250625164410
  .history/inst/.DS_Store
  .quarto/.DS_Store
  .specstory/.gitignore
  .specstory/.project.json
  .specstory/.what-is-this.md
  R/.DS_Store
  _extensions/neurotyp-adult/.DS_Store
  _extensions/neurotyp-adult/.quarto/.DS_Store
  data-raw/.DS_Store
  data/.DS_Store
  inst/.DS_Store
  inst/extdata/.DS_Store
  inst/extdata/_extensions/.DS_Store
  inst/extdata/_extensions/neurotyp-adult/.DS_Store
  inst/extdata/_extensions/neurotyp-adult/.quarto/.DS_Store
  inst/extdata/_extensions/neurotyp-forensic/.DS_Store
  inst/extdata/_extensions/neurotyp-forensic/.quarto/.DS_Store
  inst/extdata/_extensions/neurotyp-pediatric/.DS_Store
  inst/extdata/_extensions/neurotyp-pediatric/.quarto/.DS_Store
  inst/rmarkdown/.DS_Store
  inst/rmarkdown/templates/.DS_Store
  inst/rmarkdown/templates/drilldown/.DS_Store
  inst/rmarkdown/templates/drilldown/resources/.DS_Store
  inst/rmarkdown/templates/drilldown/skeleton/.DS_Store
  inst/rmarkdown/templates/pluck_pdfs/.DS_Store
  inst/rmarkdown/templates/pluck_pdfs/skeleton/.DS_Store
  reports/.DS_Store
  reports/_03-00_sirf_files/.DS_Store
  reports/master_report_files/.DS_Store
  scripts/.DS_Store
  ..Rcheck
  .Rproj.user
  .git
  .history
  .history/.git
  .quarto
  .roo
  .specstory
  .vscode
  _extensions/neurotyp-adult/.quarto
  inst/extdata/_extensions/neurotyp-adult/.quarto
  inst/extdata/_extensions/neurotyp-forensic/.quarto
  inst/extdata/_extensions/neurotyp-pediatric/.quarto
  reports/.history
  reports/.vscode
These were most likely included in error. See section 'Package
structure' in the 'Writing R Extensions' manual.
* checking for portable file names ... WARNING
Found the following file with a non-portable file name:
  _arxiv/_variables copy.yml
These are not fully portable file names.
See section 'Package structure' in the 'Writing R Extensions' manual.
Found the following non-portable file paths:
  neuro2/.history/inst/extdata/_extensions/brainworkup/neurotyp-forensic/_02-03_verbal_20250625165455.qmd
  neuro2/.history/inst/extdata/_extensions/brainworkup/neurotyp-forensic/_02-03_verbal_20250625182553.qmd
  neuro2/.history/inst/extdata/_extensions/brainworkup/neurotyp-forensic/_02-05_memory_20250625164923.qmd
  neuro2/.history/inst/extdata/_extensions/brainworkup/neurotyp-forensic/_02-05_memory_20250625182553.qmd
  neuro2/.history/inst/extdata/_extensions/brainworkup/neurotyp-forensic/_03-00_sirf_20250625165455.qmd
  neuro2/.history/inst/extdata/_extensions/brainworkup/neurotyp-forensic/_03-00_sirf_20250625182553.qmd
  neuro2/.history/inst/extdata/_extensions/brainworkup/neurotyp-pediatric/_02-03_verbal_20250625165455.qmd
  neuro2/.history/inst/extdata/_extensions/brainworkup/neurotyp-pediatric/_02-03_verbal_20250625182553.qmd
  neuro2/.history/inst/extdata/_extensions/brainworkup/neurotyp-pediatric/_02-05_memory_20250625164923.qmd
  neuro2/.history/inst/extdata/_extensions/brainworkup/neurotyp-pediatric/_02-05_memory_20250625182553.qmd
  neuro2/.history/inst/extdata/_extensions/brainworkup/neurotyp-pediatric/_03-00_sirf_20250625165455.qmd
  neuro2/.history/inst/extdata/_extensions/brainworkup/neurotyp-pediatric/_03-00_sirf_20250625182553.qmd
  neuro2/.history/inst/quarto/templates/neurotyp_adult_typst/skeleton/_02-02_academics_20250625074747.qmd
  neuro2/.history/inst/quarto/templates/neurotyp_adult_typst/skeleton/_02-02_academics_20250625164924.qmd
  neuro2/.history/inst/quarto/templates/neurotyp_adult_typst/skeleton/_02-02_academics_20250625165456.qmd
  neuro2/.history/inst/quarto/templates/neurotyp_adult_typst/skeleton/_02-04_spatial_20250625074921.qmd
  neuro2/.history/inst/quarto/templates/neurotyp_adult_typst/skeleton/_02-04_spatial_20250625164924.qmd
  neuro2/.history/inst/quarto/templates/neurotyp_adult_typst/skeleton/_02-04_spatial_20250625165456.qmd
  neuro2/.history/inst/quarto/templates/neurotyp_adult_typst/skeleton/_02-06_executive_20250615180535.qmd
  neuro2/.history/inst/quarto/templates/neurotyp_adult_typst/skeleton/_02-06_executive_20250625164924.qmd
  neuro2/.history/inst/quarto/templates/neurotyp_adult_typst/skeleton/_02-09_adhd_adult_20250625074008.qmd
  neuro2/.history/inst/quarto/templates/neurotyp_adult_typst/skeleton/_02-09_adhd_adult_20250625164924.qmd
  neuro2/.history/inst/quarto/templates/neurotyp_adult_typst/skeleton/_02-09_adhd_adult_20250625165456.qmd
  neuro2/.history/inst/quarto/templates/neurotyp_adult_typst/skeleton/_02-10_emotion_adult_20250625074920.qmd
  neuro2/.history/inst/quarto/templates/neurotyp_adult_typst/skeleton/_02-10_emotion_adult_20250625164924.qmd
  neuro2/.history/inst/quarto/templates/neurotyp_adult_typst/skeleton/_02-10_emotion_adult_20250625165456.qmd
  neuro2/.history/inst/quarto/templates/neurotyp_adult_typst/skeleton/_02-11_adaptive_20250625074920.qmd
  neuro2/.history/inst/quarto/templates/neurotyp_adult_typst/skeleton/_02-11_adaptive_20250625164924.qmd
  neuro2/.history/inst/quarto/templates/neurotyp_adult_typst/skeleton/_02-11_adaptive_20250625165456.qmd
  neuro2/.history/inst/quarto/templates/neurotyp_adult_typst/skeleton/_02-12_daily_living_20250625074920.qmd
  neuro2/.history/inst/quarto/templates/neurotyp_adult_typst/skeleton/_02-12_daily_living_20250625164924.qmd
  neuro2/.history/inst/quarto/templates/neurotyp_adult_typst/skeleton/_02-12_daily_living_20250625165457.qmd
  neuro2/.history/inst/quarto/templates/neurotyp_adult_typst/skeleton/_03-03_appendix_20250620205445.qmd
  neuro2/.history/inst/quarto/templates/neurotyp_adult_typst/skeleton/_03-03_appendix_20250625164924.qmd
  neuro2/.history/inst/quarto/templates/neurotyp_forensic_typst/skeleton/_02-02_academics_20250625074747.qmd
  neuro2/.history/inst/quarto/templates/neurotyp_forensic_typst/skeleton/_02-02_academics_20250625164924.qmd
  neuro2/.history/inst/quarto/templates/neurotyp_forensic_typst/skeleton/_02-02_academics_20250625165457.qmd
  neuro2/.history/inst/quarto/templates/neurotyp_forensic_typst/skeleton/_02-03_verbal_20250625074920.qmd
  neuro2/.history/inst/quarto/templates/neurotyp_forensic_typst/skeleton/_02-03_verbal_20250625164924.qmd
  neuro2/.history/inst/quarto/templates/neurotyp_forensic_typst/skeleton/_02-03_verbal_20250625165457.qmd
  neuro2/.history/inst/quarto/templates/neurotyp_forensic_typst/skeleton/_02-04_spatial_20250625074921.qmd
  neuro2/.history/inst/quarto/templates/neurotyp_forensic_typst/skeleton/_02-04_spatial_20250625164924.qmd
  neuro2/.history/inst/quarto/templates/neurotyp_forensic_typst/skeleton/_02-04_spatial_20250625165457.qmd
  neuro2/.history/inst/quarto/templates/neurotyp_forensic_typst/skeleton/_02-05_memory_20250615180620.qmd
  neuro2/.history/inst/quarto/templates/neurotyp_forensic_typst/skeleton/_02-05_memory_20250625164924.qmd
  neuro2/.history/inst/quarto/templates/neurotyp_forensic_typst/skeleton/_02-06_executive_20250615180535.qmd
  neuro2/.history/inst/quarto/templates/neurotyp_forensic_typst/skeleton/_02-06_executive_20250625164924.qmd
  neuro2/.history/inst/quarto/templates/neurotyp_forensic_typst/skeleton/_02-07_motor_20250625074920.qmd
  neuro2/.history/inst/quarto/templates/neurotyp_forensic_typst/skeleton/_02-07_motor_20250625164924.qmd
  neuro2/.history/inst/quarto/templates/neurotyp_forensic_typst/skeleton/_02-07_motor_20250625165457.qmd
  neuro2/.history/inst/quarto/templates/neurotyp_forensic_typst/skeleton/_02-08_social_20250625074920.qmd
  neuro2/.history/inst/quarto/templates/neurotyp_forensic_typst/skeleton/_02-08_social_20250625164924.qmd
  neuro2/.history/inst/quarto/templates/neurotyp_forensic_typst/skeleton/_02-08_social_20250625165457.qmd
  neuro2/.history/inst/quarto/templates/neurotyp_forensic_typst/skeleton/_02-09_adhd_adult_20250625074008.qmd
  neuro2/.history/inst/quarto/templates/neurotyp_forensic_typst/skeleton/_02-09_adhd_adult_20250625164924.qmd
  neuro2/.history/inst/quarto/templates/neurotyp_forensic_typst/skeleton/_02-09_adhd_adult_20250625165457.qmd
  neuro2/.history/inst/quarto/templates/neurotyp_forensic_typst/skeleton/_02-09_adhd_child_20250625074920.qmd
  neuro2/.history/inst/quarto/templates/neurotyp_forensic_typst/skeleton/_02-09_adhd_child_20250625164924.qmd
  neuro2/.history/inst/quarto/templates/neurotyp_forensic_typst/skeleton/_02-09_adhd_child_20250625165457.qmd
  neuro2/.history/inst/quarto/templates/neurotyp_forensic_typst/skeleton/_02-10_emotion_adult_20250625074920.qmd
  neuro2/.history/inst/quarto/templates/neurotyp_forensic_typst/skeleton/_02-10_emotion_adult_20250625164924.qmd
  neuro2/.history/inst/quarto/templates/neurotyp_forensic_typst/skeleton/_02-10_emotion_adult_20250625165457.qmd
  neuro2/.history/inst/quarto/templates/neurotyp_forensic_typst/skeleton/_02-10_emotion_child_20250625074920.qmd
  neuro2/.history/inst/quarto/templates/neurotyp_forensic_typst/skeleton/_02-10_emotion_child_20250625164924.qmd
  neuro2/.history/inst/quarto/templates/neurotyp_forensic_typst/skeleton/_02-10_emotion_child_20250625165457.qmd
  neuro2/.history/inst/quarto/templates/neurotyp_forensic_typst/skeleton/_02-11_adaptive_20250625074920.qmd
  neuro2/.history/inst/quarto/templates/neurotyp_forensic_typst/skeleton/_02-11_adaptive_20250625164924.qmd
  neuro2/.history/inst/quarto/templates/neurotyp_forensic_typst/skeleton/_02-11_adaptive_20250625165457.qmd
  neuro2/.history/inst/quarto/templates/neurotyp_forensic_typst/skeleton/_02-12_daily_living_20250625074920.qmd
  neuro2/.history/inst/quarto/templates/neurotyp_forensic_typst/skeleton/_02-12_daily_living_20250625164924.qmd
  neuro2/.history/inst/quarto/templates/neurotyp_forensic_typst/skeleton/_02-12_daily_living_20250625165457.qmd
  neuro2/.history/inst/quarto/templates/neurotyp_forensic_typst/skeleton/_03-00_sirf_20250620205445.qmd
  neuro2/.history/inst/quarto/templates/neurotyp_forensic_typst/skeleton/_03-00_sirf_20250625165457.qmd
  neuro2/.history/inst/quarto/templates/neurotyp_forensic_typst/skeleton/_03-03_appendix_20250620205445.qmd
  neuro2/.history/inst/quarto/templates/neurotyp_forensic_typst/skeleton/_03-03_appendix_20250625164924.qmd
  neuro2/.history/inst/quarto/templates/neurotyp_forensic_typst/skeleton/_extensions/neurotyp-forensic/typst-template_20250618161930.typ
  neuro2/.history/inst/quarto/templates/neurotyp_forensic_typst/skeleton/_extensions/neurotyp-forensic/typst-template_20250625165457.typ
  neuro2/.history/inst/quarto/templates/neurotyp_pediatric_typst/skeleton/_02-02_academics_20250625074747.qmd
  neuro2/.history/inst/quarto/templates/neurotyp_pediatric_typst/skeleton/_02-02_academics_20250625164924.qmd
  neuro2/.history/inst/quarto/templates/neurotyp_pediatric_typst/skeleton/_02-02_academics_20250625165457.qmd
  neuro2/.history/inst/quarto/templates/neurotyp_pediatric_typst/skeleton/_02-03_verbal_20250625074920.qmd
  neuro2/.history/inst/quarto/templates/neurotyp_pediatric_typst/skeleton/_02-03_verbal_20250625164924.qmd
  neuro2/.history/inst/quarto/templates/neurotyp_pediatric_typst/skeleton/_02-03_verbal_20250625165457.qmd
  neuro2/.history/inst/quarto/templates/neurotyp_pediatric_typst/skeleton/_02-04_spatial_20250625074921.qmd
  neuro2/.history/inst/quarto/templates/neurotyp_pediatric_typst/skeleton/_02-04_spatial_20250625164924.qmd
  neuro2/.history/inst/quarto/templates/neurotyp_pediatric_typst/skeleton/_02-04_spatial_20250625165457.qmd
  neuro2/.history/inst/quarto/templates/neurotyp_pediatric_typst/skeleton/_02-05_memory_20250615180620.qmd
  neuro2/.history/inst/quarto/templates/neurotyp_pediatric_typst/skeleton/_02-05_memory_20250625164924.qmd
  neuro2/.history/inst/quarto/templates/neurotyp_pediatric_typst/skeleton/_02-06_executive_20250615180535.qmd
  neuro2/.history/inst/quarto/templates/neurotyp_pediatric_typst/skeleton/_02-06_executive_20250625164924.qmd
  neuro2/.history/inst/quarto/templates/neurotyp_pediatric_typst/skeleton/_02-07_motor_20250625074920.qmd
  neuro2/.history/inst/quarto/templates/neurotyp_pediatric_typst/skeleton/_02-07_motor_20250625164924.qmd
  neuro2/.history/inst/quarto/templates/neurotyp_pediatric_typst/skeleton/_02-07_motor_20250625165457.qmd
  neuro2/.history/inst/quarto/templates/neurotyp_pediatric_typst/skeleton/_02-08_social_20250625074920.qmd
  neuro2/.history/inst/quarto/templates/neurotyp_pediatric_typst/skeleton/_02-08_social_20250625164924.qmd
  neuro2/.history/inst/quarto/templates/neurotyp_pediatric_typst/skeleton/_02-08_social_20250625165457.qmd
  neuro2/.history/inst/quarto/templates/neurotyp_pediatric_typst/skeleton/_02-10_emotion_child_20250625074920.qmd
  neuro2/.history/inst/quarto/templates/neurotyp_pediatric_typst/skeleton/_02-10_emotion_child_20250625164924.qmd
  neuro2/.history/inst/quarto/templates/neurotyp_pediatric_typst/skeleton/_02-10_emotion_child_20250625165457.qmd
  neuro2/.history/inst/quarto/templates/neurotyp_pediatric_typst/skeleton/_02-11_adaptive_20250625074920.qmd
  neuro2/.history/inst/quarto/templates/neurotyp_pediatric_typst/skeleton/_02-11_adaptive_20250625164924.qmd
  neuro2/.history/inst/quarto/templates/neurotyp_pediatric_typst/skeleton/_02-11_adaptive_20250625165457.qmd
  neuro2/.history/inst/quarto/templates/neurotyp_pediatric_typst/skeleton/_02-12_daily_living_20250625074920.qmd
  neuro2/.history/inst/quarto/templates/neurotyp_pediatric_typst/skeleton/_02-12_daily_living_20250625164924.qmd
  neuro2/.history/inst/quarto/templates/neurotyp_pediatric_typst/skeleton/_02-12_daily_living_20250625165457.qmd
  neuro2/.history/inst/quarto/templates/neurotyp_pediatric_typst/skeleton/_03-00_sirf_20250620205445.qmd
  neuro2/.history/inst/quarto/templates/neurotyp_pediatric_typst/skeleton/_03-00_sirf_20250625165457.qmd
  neuro2/.history/inst/quarto/templates/neurotyp_pediatric_typst/skeleton/_03-03_appendix_20250620205445.qmd
  neuro2/.history/inst/quarto/templates/neurotyp_pediatric_typst/skeleton/_03-03_appendix_20250625164924.qmd
  neuro2/.history/inst/quarto/templates/neurotyp_pediatric_typst/skeleton/_extensions/neurotyp-pediatric/typst-template_20250618161944.typ
  neuro2/.history/inst/quarto/templates/neurotyp_pediatric_typst/skeleton/_extensions/neurotyp-pediatric/typst-template_20250625165457.typ
  neuro2/.history/inst/rmarkdown/templates/pluck_pdfs/skeleton/plant_validity_scores_20240708100558.Rmd
  neuro2/.history/inst/rmarkdown/templates/pluck_pdfs/skeleton/plant_validity_scores_20250625165456.Rmd
  neuro2/.history/inst/rmarkdown/templates/pluck_pdfs/skeleton/plant_validity_scores_20250629073229.Rmd
  neuro2/.history/inst/rmarkdown/templates/pluck_pdfs/skeleton/pluck_basc3_prs_adolescent_20240731190759.Rmd
  neuro2/.history/inst/rmarkdown/templates/pluck_pdfs/skeleton/pluck_basc3_prs_adolescent_20250625165456.Rmd
  neuro2/.history/inst/rmarkdown/templates/pluck_pdfs/skeleton/pluck_basc3_prs_adolescent_20250629073229.Rmd
  neuro2/.history/inst/rmarkdown/templates/pluck_pdfs/skeleton/pluck_basc3_prs_preschool_20240708100614.Rmd
  neuro2/.history/inst/rmarkdown/templates/pluck_pdfs/skeleton/pluck_basc3_prs_preschool_20250625165456.Rmd
  neuro2/.history/inst/rmarkdown/templates/pluck_pdfs/skeleton/pluck_basc3_srp_adolescent_20250117044558.Rmd
  neuro2/.history/inst/rmarkdown/templates/pluck_pdfs/skeleton/pluck_basc3_srp_adolescent_20250625165456.Rmd
  neuro2/.history/inst/rmarkdown/templates/pluck_pdfs/skeleton/pluck_general_extract_areas_20250117044558.Rmd
  neuro2/.history/inst/rmarkdown/templates/pluck_pdfs/skeleton/pluck_general_extract_areas_20250625165456.Rmd
  neuro2/.history/inst/rmarkdown/templates/pluck_pdfs/skeleton/pluck_general_extract_areas_20250629073229.Rmd
  neuro2/.history/inst/rmarkdown/templates/pluck_pdfs/skeleton/pluck_general_locate_areas_20250117044558.Rmd
  neuro2/.history/inst/rmarkdown/templates/pluck_pdfs/skeleton/pluck_general_locate_areas_20250625165456.Rmd
  neuro2/.history/inst/rmarkdown/templates/pluck_pdfs/skeleton/pluck_general_locate_areas_20250629073229.Rmd
  neuro2/.history/inst/rmarkdown/templates/pluck_pdfs/skeleton/pluck_nab_comprehensive_20250117044558.Rmd
  neuro2/.history/inst/rmarkdown/templates/pluck_pdfs/skeleton/pluck_nab_comprehensive_20250625165456.Rmd
  neuro2/.history/inst/rmarkdown/templates/pluck_pdfs/skeleton/pluck_nab_comprehensive_20250629073229.Rmd
  neuro2/reports/_03-00_sirf_files/libs/quarto-html/quarto-syntax-highlighting-8f1af79587c2686b78fe4e1fbadd71ab.css
  neuro2/.history/inst/quarto/templates/neurotyp_pediatric_typst/skeleton/_extensions/neurotyp-pediatric

Tarballs are only required to store paths of up to 100 bytes and cannot
store those of more than 256 bytes, with restrictions including to 100
bytes for the final component.
See section 'Package structure' in the 'Writing R Extensions' manual.
* checking for sufficient/correct file permissions ... OK
* checking whether package 'neuro2' can be installed ... OK
* checking installed package size ... INFO
  installed size is  7.9Mb
  sub-directories of 1Mb or more:
    data        2.0Mb
    extdata     3.3Mb
    rmarkdown   1.8Mb
* checking package directory ... OK
* checking DESCRIPTION meta-information ... NOTE
Checking should be performed on sources prepared by 'R CMD build'.
* checking top-level files ... OK
* checking for left-over files ... OK
* checking index information ... OK
* checking package subdirectories ... WARNING
Found the following directory with the name of a check directory:
  ./..Rcheck
Most likely, these were included erroneously.
* checking code files for non-ASCII characters ... OK
* checking R files for syntax errors ... OK
* checking whether the package can be loaded ... OK
* checking whether the package can be loaded with stated dependencies ... OK
* checking whether the package can be unloaded cleanly ... OK
* checking whether the namespace can be loaded with stated dependencies ... OK
* checking whether the namespace can be unloaded cleanly ... OK
* checking loading without being on the library search path ... OK
* checking dependencies in R code ... NOTE
Namespaces in Imports field not imported from:
  ‘NeurotypR’ ‘fs’ ‘janitor’ ‘kableExtra’ ‘knitr’ ‘readxl’ ‘stringr’
  ‘tidyselect’ ‘tools’ ‘usethis’ ‘utils’ ‘xfun’
  All declared Imports should be used.
* checking S3 generic/method consistency ... OK
* checking replacement functions ... OK
* checking foreign function calls ... OK
* checking R code for possible problems ... OK
* checking Rd files ... OK
* checking Rd metadata ... OK
* checking Rd cross-references ... OK
* checking for missing documentation entries ... WARNING
Undocumented code objects:
  ‘academics’ ‘adhd’ ‘emotion’ ‘executive’ ‘general_cognitive_ability’
  ‘iq’ ‘memory’ ‘nabs’ ‘neurobehav’ ‘neuropsych’ ‘spatial’ ‘validity’
  ‘verbal’
Undocumented data sets:
  ‘academics’ ‘adhd’ ‘emotion’ ‘executive’ ‘general_cognitive_ability’
  ‘iq’ ‘memory’ ‘nabs’ ‘neurobehav’ ‘neuropsych’ ‘spatial’ ‘validity’
  ‘verbal’
All user-level objects in a package should have documentation entries.
See chapter 'Writing R documentation files' in the 'Writing R
Extensions' manual.
* checking for code/documentation mismatches ... OK
* checking Rd \usage sections ... OK
* checking Rd contents ... OK
* checking for unstated dependencies in examples ... OK
* checking contents of 'data' directory ... WARNING
Files not of a type allowed in a 'data' directory:
  'categories.rds' 'letters.rds' 'pegboard.nondom.rds' 'rocft.copy.rds'
  'rocft.recall.rds' 'table_iq.png' 'ut.rds'
Please use e.g. 'inst/extdata' for non-R data files

* checking data for non-ASCII characters ... OK
* checking LazyData ... OK
* checking data for ASCII and uncompressed saves ... OK
* checking R/sysdata.rda ... OK
* checking examples ... OK
* checking PDF version of manual ... OK
* DONE
Status: 5 WARNINGs, 3 NOTEs
