NULL
Using libraries at paths:
- /Users/joey/.R
- /Library/Frameworks/R.framework/Versions/4.5-arm64/Resources/library
* installing *source* package 'neuro2' ...
** this is package 'neuro2' version '0.2.1'
** using staged installation
** R
** data
*** moving datasets to lazyload DB
Warning in scan(file = file, what = what, sep = sep, quote = quote, dec = dec,  :
  EOF within quoted string
Warning in scan(file = file, what = what, sep = sep, quote = quote, dec = dec,  :
  EOF within quoted string
** inst
** byte-compile and prepare package for lazy loading
NULL
Using libraries at paths:
- /Users/joey/.R
- /Library/Frameworks/R.framework/Versions/4.5-arm64/Resources/library
✔ Setting active project to "/Users/joey/neuro2".
** help
*** installing help indices
** building package indices
NULL
Using libraries at paths:
- /Users/joey/.R
- /Library/Frameworks/R.framework/Versions/4.5-arm64/Resources/library
** testing if installed package can be loaded from temporary location
NULL
Using libraries at paths:
- /Users/joey/.R
- /Library/Frameworks/R.framework/Versions/4.5-arm64/Resources/library
** testing if installed package can be loaded from final location
NULL
Using libraries at paths:
- /Users/joey/.R
- /Library/Frameworks/R.framework/Versions/4.5-arm64/Resources/library
** testing if installed package keeps a record of temporary installation path
* DONE (neuro2)
